<?xml version="1.0" encoding="UTF-8"?>
<!-- Generated by org.testng.reporters.JUnitXMLReporter -->
<testsuite ignored="2" hostname="LAPTOP-QP4CB2HR" failures="0" tests="2" name="Test" time="77.537" errors="0" timestamp="2023-08-08T19:46:56 IST">
  <testcase classname="VTiger.ContactsTests.CreateContactWithOrganizationTest" name="createContactWithOrganizationTest" time="32.417"/>
  <testcase classname="VTiger.ContactsTests.CreateNewContactTest" name="createNewContactTest" time="15.15"/>
  <testcase classname="vtiger.GenericUtilities.BaseClass" name="@AfterSuite asConfig" time="0.0">
    <ignored/>
  </testcase> <!-- @AfterSuite asConfig -->
  <testcase classname="vtiger.GenericUtilities.BaseClass" name="@BeforeSuite bsConfig" time="0.0">
    <ignored/>
  </testcase> <!-- @BeforeSuite bsConfig -->
</testsuite> <!-- Test -->
