<?xml version="1.0" encoding="UTF-8"?>
<!-- Generated by org.testng.reporters.JUnitXMLReporter -->
<testsuite ignored="6" hostname="LAPTOP-QP4CB2HR" failures="0" tests="9" name="Test" time="199.199" errors="0" timestamp="2023-08-02T19:56:20 IST">
  <testcase classname="VTiger.OrganizationsTests.CreateNewOrganizationTest" name="createNewOrgTest" time="12.917"/>
  <testcase classname="VTiger.OrganizationsTests.CreateNewOrganizationTest" name="createNewOrgTest" time="12.764"/>
  <testcase classname="VTiger.OrganizationsTests.CreateMultipleOrgWithIndustryTest" name="createMultipleOrgWithIndustryTest" time="13.095"/>
  <testcase classname="VTiger.OrganizationsTests.CreateMultipleOrgWithIndustryTest" name="createMultipleOrgWithIndustryTest" time="12.722"/>
  <testcase classname="VTiger.OrganizationsTests.CreateMultipleOrgWithIndustryTest" name="createMultipleOrgWithIndustryTest" time="13.853"/>
  <testcase classname="VTiger.OrganizationsTests.CreateMultipleOrgWithIndustryTest" name="createMultipleOrgWithIndustryTest" time="13.687"/>
  <testcase classname="VTiger.OrganizationsTests.CreateMultipleOrgWithIndustryTest" name="createMultipleOrgWithIndustryTest" time="13.046"/>
  <testcase classname="VTiger.OrganizationsTests.CreateOrganizationWithIndustryAndTypeTest" name="createOrgWithIndustryAndTypeTest" time="12.682"/>
  <testcase classname="VTiger.OrganizationsTests.CreateOrganizationWithIndustryTest" name="createOrgWithIndustry" time="12.934"/>
  <testcase classname="vtiger.GenericUtilities.BaseClass" name="@BeforeSuite bsConfig" time="0.0">
    <ignored/>
  </testcase> <!-- @BeforeSuite bsConfig -->
  <testcase classname="vtiger.GenericUtilities.BaseClass" name="@BeforeSuite bsConfig" time="0.0">
    <ignored/>
  </testcase> <!-- @BeforeSuite bsConfig -->
  <testcase classname="vtiger.GenericUtilities.BaseClass" name="@AfterSuite asConfig" time="0.0">
    <ignored/>
  </testcase> <!-- @AfterSuite asConfig -->
  <testcase classname="vtiger.GenericUtilities.BaseClass" name="@BeforeSuite bsConfig" time="0.0">
    <ignored/>
  </testcase> <!-- @BeforeSuite bsConfig -->
  <testcase classname="vtiger.GenericUtilities.BaseClass" name="@AfterSuite asConfig" time="0.0">
    <ignored/>
  </testcase> <!-- @AfterSuite asConfig -->
  <testcase classname="vtiger.GenericUtilities.BaseClass" name="@AfterSuite asConfig" time="0.0">
    <ignored/>
  </testcase> <!-- @AfterSuite asConfig -->
</testsuite> <!-- Test -->
