<?xml version="1.0" encoding="UTF-8"?>
<testng-results ignored="6" total="15" passed="9" failed="0" skipped="0">
  <reporter-output>
  </reporter-output>
  <suite started-at="2023-08-02T19:53:01 IST" name="Suite" finished-at="2023-08-02T19:56:20 IST" duration-ms="199199">
    <groups>
      <group name="RegressionSuite">
        <method signature="CreateMultipleOrgWithIndustryTest.createMultipleOrgWithIndustryTest(java.lang.String,java.lang.String,java.lang.String)[pri:0, instance:VTiger.OrganizationsTests.CreateMultipleOrgWithIndustryTest@1d2adfbe]" name="createMultipleOrgWithIndustryTest" class="VTiger.OrganizationsTests.CreateMultipleOrgWithIndustryTest"/>
        <method signature="CreateOrganizationWithIndustryAndTypeTest.createOrgWithIndustryAndTypeTest()[pri:0, instance:VTiger.OrganizationsTests.CreateOrganizationWithIndustryAndTypeTest@36902638]" name="createOrgWithIndustryAndTypeTest" class="VTiger.OrganizationsTests.CreateOrganizationWithIndustryAndTypeTest"/>
        <method signature="CreateOrganizationWithIndustryTest.createOrgWithIndustry()[pri:0, instance:VTiger.OrganizationsTests.CreateOrganizationWithIndustryTest@223d2c72]" name="createOrgWithIndustry" class="VTiger.OrganizationsTests.CreateOrganizationWithIndustryTest"/>
        <method signature="CreateNewOrganizationTest.createNewOrgTest()[pri:1, instance:VTiger.OrganizationsTests.CreateNewOrganizationTest@79e2c065]" name="createNewOrgTest" class="VTiger.OrganizationsTests.CreateNewOrganizationTest"/>
      </group> <!-- RegressionSuite -->
      <group name="SmokeSuite">
        <method signature="CreateMultipleOrgWithIndustryTest.createMultipleOrgWithIndustryTest(java.lang.String,java.lang.String,java.lang.String)[pri:0, instance:VTiger.OrganizationsTests.CreateMultipleOrgWithIndustryTest@1d2adfbe]" name="createMultipleOrgWithIndustryTest" class="VTiger.OrganizationsTests.CreateMultipleOrgWithIndustryTest"/>
        <method signature="CreateOrganizationWithIndustryAndTypeTest.createOrgWithIndustryAndTypeTest()[pri:0, instance:VTiger.OrganizationsTests.CreateOrganizationWithIndustryAndTypeTest@36902638]" name="createOrgWithIndustryAndTypeTest" class="VTiger.OrganizationsTests.CreateOrganizationWithIndustryAndTypeTest"/>
        <method signature="CreateOrganizationWithIndustryTest.createOrgWithIndustry()[pri:0, instance:VTiger.OrganizationsTests.CreateOrganizationWithIndustryTest@223d2c72]" name="createOrgWithIndustry" class="VTiger.OrganizationsTests.CreateOrganizationWithIndustryTest"/>
        <method signature="CreateNewOrganizationTest.createNewOrgTest()[pri:1, instance:VTiger.OrganizationsTests.CreateNewOrganizationTest@79e2c065]" name="createNewOrgTest" class="VTiger.OrganizationsTests.CreateNewOrganizationTest"/>
      </group> <!-- SmokeSuite -->
    </groups>
    <test started-at="2023-08-02T19:53:01 IST" name="Test" finished-at="2023-08-02T19:56:20 IST" duration-ms="199199">
      <class name="VTiger.OrganizationsTests.CreateOrganizationWithIndustryAndTypeTest">
        <test-method is-config="true" signature="bcConfig()[pri:0, instance:VTiger.OrganizationsTests.CreateOrganizationWithIndustryAndTypeTest@36902638]" started-at="2023-08-02T19:55:33 IST" name="bcConfig" finished-at="2023-08-02T19:55:35 IST" duration-ms="2184" status="PASS">
          <reporter-output>
          </reporter-output>
        </test-method> <!-- bcConfig -->
        <test-method is-config="true" signature="bmConfig()[pri:0, instance:VTiger.OrganizationsTests.CreateOrganizationWithIndustryAndTypeTest@36902638]" started-at="2023-08-02T19:55:35 IST" name="bmConfig" finished-at="2023-08-02T19:55:39 IST" duration-ms="4290" status="PASS">
          <reporter-output>
          </reporter-output>
        </test-method> <!-- bmConfig -->
        <test-method signature="createOrgWithIndustryAndTypeTest()[pri:0, instance:VTiger.OrganizationsTests.CreateOrganizationWithIndustryAndTypeTest@36902638]" started-at="2023-08-02T19:55:39 IST" name="createOrgWithIndustryAndTypeTest" finished-at="2023-08-02T19:55:52 IST" duration-ms="12682" status="PASS">
          <reporter-output>
          </reporter-output>
        </test-method> <!-- createOrgWithIndustryAndTypeTest -->
        <test-method is-config="true" signature="amConfig()[pri:0, instance:VTiger.OrganizationsTests.CreateOrganizationWithIndustryAndTypeTest@36902638]" started-at="2023-08-02T19:55:52 IST" name="amConfig" finished-at="2023-08-02T19:55:56 IST" duration-ms="4047" status="PASS">
          <reporter-output>
          </reporter-output>
        </test-method> <!-- amConfig -->
        <test-method is-config="true" signature="acConfig()[pri:0, instance:VTiger.OrganizationsTests.CreateOrganizationWithIndustryAndTypeTest@36902638]" started-at="2023-08-02T19:55:56 IST" name="acConfig" finished-at="2023-08-02T19:55:57 IST" duration-ms="600" status="PASS">
          <reporter-output>
          </reporter-output>
        </test-method> <!-- acConfig -->
      </class> <!-- VTiger.OrganizationsTests.CreateOrganizationWithIndustryAndTypeTest -->
      <class name="VTiger.OrganizationsTests.CreateOrganizationWithIndustryTest">
        <test-method is-config="true" signature="bcConfig()[pri:0, instance:VTiger.OrganizationsTests.CreateOrganizationWithIndustryTest@223d2c72]" started-at="2023-08-02T19:55:57 IST" name="bcConfig" finished-at="2023-08-02T19:55:59 IST" duration-ms="2021" status="PASS">
          <reporter-output>
          </reporter-output>
        </test-method> <!-- bcConfig -->
        <test-method is-config="true" signature="bmConfig()[pri:0, instance:VTiger.OrganizationsTests.CreateOrganizationWithIndustryTest@223d2c72]" started-at="2023-08-02T19:55:59 IST" name="bmConfig" finished-at="2023-08-02T19:56:02 IST" duration-ms="3463" status="PASS">
          <reporter-output>
          </reporter-output>
        </test-method> <!-- bmConfig -->
        <test-method signature="createOrgWithIndustry()[pri:0, instance:VTiger.OrganizationsTests.CreateOrganizationWithIndustryTest@223d2c72]" started-at="2023-08-02T19:56:02 IST" name="createOrgWithIndustry" finished-at="2023-08-02T19:56:15 IST" duration-ms="12934" status="PASS">
          <reporter-output>
          </reporter-output>
        </test-method> <!-- createOrgWithIndustry -->
        <test-method is-config="true" signature="amConfig()[pri:0, instance:VTiger.OrganizationsTests.CreateOrganizationWithIndustryTest@223d2c72]" started-at="2023-08-02T19:56:15 IST" name="amConfig" finished-at="2023-08-02T19:56:19 IST" duration-ms="3998" status="PASS">
          <reporter-output>
          </reporter-output>
        </test-method> <!-- amConfig -->
        <test-method is-config="true" signature="acConfig()[pri:0, instance:VTiger.OrganizationsTests.CreateOrganizationWithIndustryTest@223d2c72]" started-at="2023-08-02T19:56:19 IST" name="acConfig" finished-at="2023-08-02T19:56:20 IST" duration-ms="577" status="PASS">
          <reporter-output>
          </reporter-output>
        </test-method> <!-- acConfig -->
      </class> <!-- VTiger.OrganizationsTests.CreateOrganizationWithIndustryTest -->
      <class name="VTiger.OrganizationsTests.CreateMultipleOrgWithIndustryTest">
        <test-method is-config="true" signature="bcConfig()[pri:0, instance:VTiger.OrganizationsTests.CreateMultipleOrgWithIndustryTest@1d2adfbe]" started-at="2023-08-02T19:53:47 IST" name="bcConfig" finished-at="2023-08-02T19:53:49 IST" duration-ms="2029" status="PASS">
          <reporter-output>
          </reporter-output>
        </test-method> <!-- bcConfig -->
        <test-method is-config="true" signature="bmConfig()[pri:0, instance:VTiger.OrganizationsTests.CreateMultipleOrgWithIndustryTest@1d2adfbe]" started-at="2023-08-02T19:53:49 IST" name="bmConfig" finished-at="2023-08-02T19:53:53 IST" duration-ms="3597" status="PASS">
          <reporter-output>
          </reporter-output>
        </test-method> <!-- bmConfig -->
        <test-method signature="createMultipleOrgWithIndustryTest(java.lang.String,java.lang.String,java.lang.String)[pri:0, instance:VTiger.OrganizationsTests.CreateMultipleOrgWithIndustryTest@1d2adfbe]" started-at="2023-08-02T19:53:53 IST" name="createMultipleOrgWithIndustryTest" data-provider="GetData" finished-at="2023-08-02T19:54:06 IST" duration-ms="13095" status="PASS">
          <params>
            <param index="0">
              <value>
                <![CDATA[Qspiders]]>
              </value>
            </param>
            <param index="1">
              <value>
                <![CDATA[Energy]]>
              </value>
            </param>
            <param index="2">
              <value>
                <![CDATA[Customer]]>
              </value>
            </param>
          </params>
          <reporter-output>
          </reporter-output>
        </test-method> <!-- createMultipleOrgWithIndustryTest -->
        <test-method is-config="true" signature="amConfig()[pri:0, instance:VTiger.OrganizationsTests.CreateMultipleOrgWithIndustryTest@1d2adfbe]" started-at="2023-08-02T19:54:06 IST" name="amConfig" finished-at="2023-08-02T19:54:10 IST" duration-ms="3958" status="PASS">
          <reporter-output>
          </reporter-output>
        </test-method> <!-- amConfig -->
        <test-method is-config="true" signature="bmConfig()[pri:0, instance:VTiger.OrganizationsTests.CreateMultipleOrgWithIndustryTest@1d2adfbe]" started-at="2023-08-02T19:54:10 IST" name="bmConfig" finished-at="2023-08-02T19:54:13 IST" duration-ms="3306" status="PASS">
          <reporter-output>
          </reporter-output>
        </test-method> <!-- bmConfig -->
        <test-method signature="createMultipleOrgWithIndustryTest(java.lang.String,java.lang.String,java.lang.String)[pri:0, instance:VTiger.OrganizationsTests.CreateMultipleOrgWithIndustryTest@1d2adfbe]" started-at="2023-08-02T19:54:13 IST" name="createMultipleOrgWithIndustryTest" data-provider="GetData" finished-at="2023-08-02T19:54:26 IST" duration-ms="12722" status="PASS">
          <params>
            <param index="0">
              <value>
                <![CDATA[Wipro]]>
              </value>
            </param>
            <param index="1">
              <value>
                <![CDATA[Chemicals]]>
              </value>
            </param>
            <param index="2">
              <value>
                <![CDATA[Analyst]]>
              </value>
            </param>
          </params>
          <reporter-output>
          </reporter-output>
        </test-method> <!-- createMultipleOrgWithIndustryTest -->
        <test-method is-config="true" signature="amConfig()[pri:0, instance:VTiger.OrganizationsTests.CreateMultipleOrgWithIndustryTest@1d2adfbe]" started-at="2023-08-02T19:54:26 IST" name="amConfig" finished-at="2023-08-02T19:54:30 IST" duration-ms="3907" status="PASS">
          <reporter-output>
          </reporter-output>
        </test-method> <!-- amConfig -->
        <test-method is-config="true" signature="bmConfig()[pri:0, instance:VTiger.OrganizationsTests.CreateMultipleOrgWithIndustryTest@1d2adfbe]" started-at="2023-08-02T19:54:30 IST" name="bmConfig" finished-at="2023-08-02T19:54:33 IST" duration-ms="3249" status="PASS">
          <reporter-output>
          </reporter-output>
        </test-method> <!-- bmConfig -->
        <test-method signature="createMultipleOrgWithIndustryTest(java.lang.String,java.lang.String,java.lang.String)[pri:0, instance:VTiger.OrganizationsTests.CreateMultipleOrgWithIndustryTest@1d2adfbe]" started-at="2023-08-02T19:54:33 IST" name="createMultipleOrgWithIndustryTest" data-provider="GetData" finished-at="2023-08-02T19:54:47 IST" duration-ms="13853" status="PASS">
          <params>
            <param index="0">
              <value>
                <![CDATA[Infosys]]>
              </value>
            </param>
            <param index="1">
              <value>
                <![CDATA[Communications]]>
              </value>
            </param>
            <param index="2">
              <value>
                <![CDATA[Partner]]>
              </value>
            </param>
          </params>
          <reporter-output>
          </reporter-output>
        </test-method> <!-- createMultipleOrgWithIndustryTest -->
        <test-method is-config="true" signature="amConfig()[pri:0, instance:VTiger.OrganizationsTests.CreateMultipleOrgWithIndustryTest@1d2adfbe]" started-at="2023-08-02T19:54:47 IST" name="amConfig" finished-at="2023-08-02T19:54:51 IST" duration-ms="3922" status="PASS">
          <reporter-output>
          </reporter-output>
        </test-method> <!-- amConfig -->
        <test-method is-config="true" signature="bmConfig()[pri:0, instance:VTiger.OrganizationsTests.CreateMultipleOrgWithIndustryTest@1d2adfbe]" started-at="2023-08-02T19:54:51 IST" name="bmConfig" finished-at="2023-08-02T19:54:54 IST" duration-ms="3621" status="PASS">
          <reporter-output>
          </reporter-output>
        </test-method> <!-- bmConfig -->
        <test-method signature="createMultipleOrgWithIndustryTest(java.lang.String,java.lang.String,java.lang.String)[pri:0, instance:VTiger.OrganizationsTests.CreateMultipleOrgWithIndustryTest@1d2adfbe]" started-at="2023-08-02T19:54:54 IST" name="createMultipleOrgWithIndustryTest" data-provider="GetData" finished-at="2023-08-02T19:55:08 IST" duration-ms="13687" status="PASS">
          <params>
            <param index="0">
              <value>
                <![CDATA[TCS]]>
              </value>
            </param>
            <param index="1">
              <value>
                <![CDATA[Education]]>
              </value>
            </param>
            <param index="2">
              <value>
                <![CDATA[Reseller]]>
              </value>
            </param>
          </params>
          <reporter-output>
          </reporter-output>
        </test-method> <!-- createMultipleOrgWithIndustryTest -->
        <test-method is-config="true" signature="amConfig()[pri:0, instance:VTiger.OrganizationsTests.CreateMultipleOrgWithIndustryTest@1d2adfbe]" started-at="2023-08-02T19:55:08 IST" name="amConfig" finished-at="2023-08-02T19:55:12 IST" duration-ms="3951" status="PASS">
          <reporter-output>
          </reporter-output>
        </test-method> <!-- amConfig -->
        <test-method is-config="true" signature="bmConfig()[pri:0, instance:VTiger.OrganizationsTests.CreateMultipleOrgWithIndustryTest@1d2adfbe]" started-at="2023-08-02T19:55:12 IST" name="bmConfig" finished-at="2023-08-02T19:55:15 IST" duration-ms="3479" status="PASS">
          <reporter-output>
          </reporter-output>
        </test-method> <!-- bmConfig -->
        <test-method signature="createMultipleOrgWithIndustryTest(java.lang.String,java.lang.String,java.lang.String)[pri:0, instance:VTiger.OrganizationsTests.CreateMultipleOrgWithIndustryTest@1d2adfbe]" started-at="2023-08-02T19:55:15 IST" name="createMultipleOrgWithIndustryTest" data-provider="GetData" finished-at="2023-08-02T19:55:28 IST" duration-ms="13046" status="PASS">
          <params>
            <param index="0">
              <value>
                <![CDATA[Virtusa]]>
              </value>
            </param>
            <param index="1">
              <value>
                <![CDATA[Food & Beverage]]>
              </value>
            </param>
            <param index="2">
              <value>
                <![CDATA[Investor]]>
              </value>
            </param>
          </params>
          <reporter-output>
          </reporter-output>
        </test-method> <!-- createMultipleOrgWithIndustryTest -->
        <test-method is-config="true" signature="amConfig()[pri:0, instance:VTiger.OrganizationsTests.CreateMultipleOrgWithIndustryTest@1d2adfbe]" started-at="2023-08-02T19:55:28 IST" name="amConfig" finished-at="2023-08-02T19:55:32 IST" duration-ms="3887" status="PASS">
          <reporter-output>
          </reporter-output>
        </test-method> <!-- amConfig -->
        <test-method is-config="true" signature="acConfig()[pri:0, instance:VTiger.OrganizationsTests.CreateMultipleOrgWithIndustryTest@1d2adfbe]" started-at="2023-08-02T19:55:32 IST" name="acConfig" finished-at="2023-08-02T19:55:33 IST" duration-ms="646" status="PASS">
          <reporter-output>
          </reporter-output>
        </test-method> <!-- acConfig -->
      </class> <!-- VTiger.OrganizationsTests.CreateMultipleOrgWithIndustryTest -->
      <class name="VTiger.OrganizationsTests.CreateNewOrganizationTest">
        <test-method is-config="true" signature="bsConfig()[pri:0, instance:VTiger.OrganizationsTests.CreateNewOrganizationTest@79e2c065]" started-at="2023-08-02T19:53:01 IST" name="bsConfig" finished-at="2023-08-02T19:53:01 IST" duration-ms="16" status="PASS">
          <reporter-output>
          </reporter-output>
        </test-method> <!-- bsConfig -->
        <test-method is-config="true" signature="bcConfig()[pri:0, instance:VTiger.OrganizationsTests.CreateNewOrganizationTest@79e2c065]" started-at="2023-08-02T19:53:01 IST" name="bcConfig" finished-at="2023-08-02T19:53:04 IST" duration-ms="3111" status="PASS">
          <reporter-output>
          </reporter-output>
        </test-method> <!-- bcConfig -->
        <test-method is-config="true" signature="bmConfig()[pri:0, instance:VTiger.OrganizationsTests.CreateNewOrganizationTest@79e2c065]" started-at="2023-08-02T19:53:04 IST" name="bmConfig" finished-at="2023-08-02T19:53:09 IST" duration-ms="5354" status="PASS">
          <reporter-output>
          </reporter-output>
        </test-method> <!-- bmConfig -->
        <test-method signature="createNewOrgTest()[pri:1, instance:VTiger.OrganizationsTests.CreateNewOrganizationTest@79e2c065]" started-at="2023-08-02T19:53:09 IST" name="createNewOrgTest" finished-at="2023-08-02T19:53:22 IST" duration-ms="12917" status="PASS">
          <reporter-output>
          </reporter-output>
        </test-method> <!-- createNewOrgTest -->
        <test-method is-config="true" signature="amConfig()[pri:0, instance:VTiger.OrganizationsTests.CreateNewOrganizationTest@79e2c065]" started-at="2023-08-02T19:53:22 IST" name="amConfig" finished-at="2023-08-02T19:53:26 IST" duration-ms="3836" status="PASS">
          <reporter-output>
          </reporter-output>
        </test-method> <!-- amConfig -->
        <test-method is-config="true" signature="bmConfig()[pri:0, instance:VTiger.OrganizationsTests.CreateNewOrganizationTest@79e2c065]" started-at="2023-08-02T19:53:26 IST" name="bmConfig" finished-at="2023-08-02T19:53:30 IST" duration-ms="3651" status="PASS">
          <reporter-output>
          </reporter-output>
        </test-method> <!-- bmConfig -->
        <test-method signature="createNewOrgTest()[pri:1, instance:VTiger.OrganizationsTests.CreateNewOrganizationTest@79e2c065]" started-at="2023-08-02T19:53:30 IST" name="createNewOrgTest" finished-at="2023-08-02T19:53:43 IST" duration-ms="12764" status="PASS">
          <reporter-output>
          </reporter-output>
        </test-method> <!-- createNewOrgTest -->
        <test-method is-config="true" signature="amConfig()[pri:0, instance:VTiger.OrganizationsTests.CreateNewOrganizationTest@79e2c065]" started-at="2023-08-02T19:53:43 IST" name="amConfig" finished-at="2023-08-02T19:53:46 IST" duration-ms="3790" status="PASS">
          <reporter-output>
          </reporter-output>
        </test-method> <!-- amConfig -->
        <test-method is-config="true" signature="acConfig()[pri:0, instance:VTiger.OrganizationsTests.CreateNewOrganizationTest@79e2c065]" started-at="2023-08-02T19:53:46 IST" name="acConfig" finished-at="2023-08-02T19:53:47 IST" duration-ms="608" status="PASS">
          <reporter-output>
          </reporter-output>
        </test-method> <!-- acConfig -->
        <test-method is-config="true" signature="asConfig()[pri:0, instance:VTiger.OrganizationsTests.CreateNewOrganizationTest@79e2c065]" started-at="2023-08-02T19:56:21 IST" name="asConfig" finished-at="2023-08-02T19:56:21 IST" duration-ms="1" status="PASS">
          <reporter-output>
          </reporter-output>
        </test-method> <!-- asConfig -->
      </class> <!-- VTiger.OrganizationsTests.CreateNewOrganizationTest -->
    </test> <!-- Test -->
  </suite> <!-- Suite -->
</testng-results>
