<?xml version="1.0" encoding="UTF-8"?>
<testng-results ignored="2" total="4" passed="2" failed="0" skipped="0">
  <reporter-output>
    <line>
      <![CDATA[Clicked on contact]]>
    </line>
    <line>
      <![CDATA[Clicked on Create contact look Up Image]]>
    </line>
    <line>
      <![CDATA[Contact created]]>
    </line>
    <line>
      <![CDATA[Test Pass]]>
    </line>
  </reporter-output>
  <suite started-at="2023-08-08T19:45:37 IST" name="Suite" finished-at="2023-08-08T19:46:55 IST" duration-ms="77537">
    <groups>
      <group name="RegressionSuite">
        <method signature="CreateContactWithOrganizationTest.createContactWithOrganizationTest()[pri:0, instance:VTiger.ContactsTests.CreateContactWithOrganizationTest@49ec71f8]" name="createContactWithOrganizationTest" class="VTiger.ContactsTests.CreateContactWithOrganizationTest"/>
      </group> <!-- RegressionSuite -->
      <group name="SmokeSuite">
        <method signature="CreateContactWithOrganizationTest.createContactWithOrganizationTest()[pri:0, instance:VTiger.ContactsTests.CreateContactWithOrganizationTest@49ec71f8]" name="createContactWithOrganizationTest" class="VTiger.ContactsTests.CreateContactWithOrganizationTest"/>
        <method signature="CreateNewContactTest.createNewContactTest()[pri:0, instance:VTiger.ContactsTests.CreateNewContactTest@478190fc]" name="createNewContactTest" class="VTiger.ContactsTests.CreateNewContactTest"/>
      </group> <!-- SmokeSuite -->
    </groups>
    <test started-at="2023-08-08T19:45:37 IST" name="Test" finished-at="2023-08-08T19:46:55 IST" duration-ms="77537">
      <class name="VTiger.ContactsTests.CreateNewContactTest">
        <test-method is-config="true" signature="bsConfig()[pri:0, instance:VTiger.ContactsTests.CreateNewContactTest@478190fc]" started-at="2023-08-08T19:45:37 IST" name="bsConfig" finished-at="2023-08-08T19:45:37 IST" duration-ms="9" status="PASS">
          <reporter-output>
          </reporter-output>
        </test-method> <!-- bsConfig -->
        <test-method is-config="true" signature="bcConfig()[pri:0, instance:VTiger.ContactsTests.CreateNewContactTest@478190fc]" started-at="2023-08-08T19:46:28 IST" name="bcConfig" finished-at="2023-08-08T19:46:30 IST" duration-ms="2669" status="PASS">
          <reporter-output>
          </reporter-output>
        </test-method> <!-- bcConfig -->
        <test-method is-config="true" signature="bmConfig()[pri:0, instance:VTiger.ContactsTests.CreateNewContactTest@478190fc]" started-at="2023-08-08T19:46:30 IST" name="bmConfig" finished-at="2023-08-08T19:46:35 IST" duration-ms="4207" status="PASS">
          <reporter-output>
          </reporter-output>
        </test-method> <!-- bmConfig -->
        <test-method signature="createNewContactTest()[pri:0, instance:VTiger.ContactsTests.CreateNewContactTest@478190fc]" started-at="2023-08-08T19:46:35 IST" name="createNewContactTest" finished-at="2023-08-08T19:46:50 IST" duration-ms="15150" status="PASS">
          <reporter-output>
            <line>
              <![CDATA[Clicked on contact]]>
            </line>
            <line>
              <![CDATA[Clicked on Create contact look Up Image]]>
            </line>
            <line>
              <![CDATA[Contact created]]>
            </line>
            <line>
              <![CDATA[Test Pass]]>
            </line>
          </reporter-output>
        </test-method> <!-- createNewContactTest -->
        <test-method is-config="true" signature="amConfig()[pri:0, instance:VTiger.ContactsTests.CreateNewContactTest@478190fc]" started-at="2023-08-08T19:46:50 IST" name="amConfig" finished-at="2023-08-08T19:46:54 IST" duration-ms="4569" status="PASS">
          <reporter-output>
          </reporter-output>
        </test-method> <!-- amConfig -->
        <test-method is-config="true" signature="acConfig()[pri:0, instance:VTiger.ContactsTests.CreateNewContactTest@478190fc]" started-at="2023-08-08T19:46:54 IST" name="acConfig" finished-at="2023-08-08T19:46:55 IST" duration-ms="591" status="PASS">
          <reporter-output>
          </reporter-output>
        </test-method> <!-- acConfig -->
        <test-method is-config="true" signature="asConfig()[pri:0, instance:VTiger.ContactsTests.CreateNewContactTest@478190fc]" started-at="2023-08-08T19:46:56 IST" name="asConfig" finished-at="2023-08-08T19:46:56 IST" duration-ms="2" status="PASS">
          <reporter-output>
          </reporter-output>
        </test-method> <!-- asConfig -->
      </class> <!-- VTiger.ContactsTests.CreateNewContactTest -->
      <class name="VTiger.ContactsTests.CreateContactWithOrganizationTest">
        <test-method is-config="true" signature="bcConfig()[pri:0, instance:VTiger.ContactsTests.CreateContactWithOrganizationTest@49ec71f8]" started-at="2023-08-08T19:45:38 IST" name="bcConfig" finished-at="2023-08-08T19:45:45 IST" duration-ms="7691" status="PASS">
          <reporter-output>
          </reporter-output>
        </test-method> <!-- bcConfig -->
        <test-method is-config="true" signature="bmConfig()[pri:0, instance:VTiger.ContactsTests.CreateContactWithOrganizationTest@49ec71f8]" started-at="2023-08-08T19:45:45 IST" name="bmConfig" finished-at="2023-08-08T19:45:50 IST" duration-ms="4414" status="PASS">
          <reporter-output>
          </reporter-output>
        </test-method> <!-- bmConfig -->
        <test-method signature="createContactWithOrganizationTest()[pri:0, instance:VTiger.ContactsTests.CreateContactWithOrganizationTest@49ec71f8]" started-at="2023-08-08T19:45:50 IST" name="createContactWithOrganizationTest" finished-at="2023-08-08T19:46:22 IST" duration-ms="32417" status="PASS">
          <reporter-output>
          </reporter-output>
        </test-method> <!-- createContactWithOrganizationTest -->
        <test-method is-config="true" signature="amConfig()[pri:0, instance:VTiger.ContactsTests.CreateContactWithOrganizationTest@49ec71f8]" started-at="2023-08-08T19:46:22 IST" name="amConfig" finished-at="2023-08-08T19:46:27 IST" duration-ms="4768" status="PASS">
          <reporter-output>
          </reporter-output>
        </test-method> <!-- amConfig -->
        <test-method is-config="true" signature="acConfig()[pri:0, instance:VTiger.ContactsTests.CreateContactWithOrganizationTest@49ec71f8]" started-at="2023-08-08T19:46:27 IST" name="acConfig" finished-at="2023-08-08T19:46:28 IST" duration-ms="625" status="PASS">
          <reporter-output>
          </reporter-output>
        </test-method> <!-- acConfig -->
      </class> <!-- VTiger.ContactsTests.CreateContactWithOrganizationTest -->
    </test> <!-- Test -->
  </suite> <!-- Suite -->
</testng-results>
